d:\proiect_2015 (2)\proiect_2015\newtrainingframework_2015\newtrainingframework\debug-nvidia\newtrainingframework.pch
d:\proiect_2015 (2)\proiect_2015\newtrainingframework_2015\newtrainingframework\debug-nvidia\vc140.pdb
d:\proiect_2015 (2)\proiect_2015\newtrainingframework_2015\newtrainingframework\debug-nvidia\vc140.idb
d:\proiect_2015 (2)\proiect_2015\newtrainingframework_2015\newtrainingframework\debug-nvidia\stdafx.obj
d:\proiect_2015 (2)\proiect_2015\newtrainingframework_2015\newtrainingframework\debug-nvidia\camera.obj
d:\proiect_2015 (2)\proiect_2015\newtrainingframework_2015\newtrainingframework\debug-nvidia\model.obj
d:\proiect_2015 (2)\proiect_2015\newtrainingframework_2015\newtrainingframework\debug-nvidia\resourcemanager.obj
d:\proiect_2015 (2)\proiect_2015\newtrainingframework_2015\newtrainingframework\debug-nvidia\shader.obj
d:\proiect_2015 (2)\proiect_2015\newtrainingframework_2015\newtrainingframework\debug-nvidia\shaders.obj
d:\proiect_2015 (2)\proiect_2015\newtrainingframework_2015\newtrainingframework\debug-nvidia\texture.obj
d:\proiect_2015 (2)\proiect_2015\newtrainingframework_2015\newtrainingframework\debug-nvidia\newtrainingframework.obj
d:\proiect_2015 (2)\proiect_2015\newtrainingframework_2015\newtrainingframework\debug-nvidia\scenemanager.obj
d:\proiect_2015 (2)\proiect_2015\newtrainingframework_2015\newtrainingframework\debug-nvidia\sceneobject.obj
d:\proiect_2015 (2)\proiect_2015\newtrainingframework_2015\bin-nvidia\newtrainingframework.ilk
d:\proiect_2015 (2)\proiect_2015\newtrainingframework_2015\bin-nvidia\newtrainingframework.exe
d:\proiect_2015 (2)\proiect_2015\newtrainingframework_2015\bin-nvidia\newtrainingframework.pdb
d:\proiect_2015 (2)\proiect_2015\newtrainingframework_2015\\bin-nvidia\newtrainingframework.pdb
d:\proiect_2015 (2)\proiect_2015\newtrainingframework_2015\\bin-nvidia\newtrainingframework.exe
d:\proiect_2015 (2)\proiect_2015\newtrainingframework_2015\\bin-nvidia\newtrainingframework.ilk
d:\proiect_2015 (2)\proiect_2015\newtrainingframework_2015\newtrainingframework\debug-nvidia\newtrain.fc024ec8.tlog\cl.command.1.tlog
d:\proiect_2015 (2)\proiect_2015\newtrainingframework_2015\newtrainingframework\debug-nvidia\newtrain.fc024ec8.tlog\cl.read.1.tlog
d:\proiect_2015 (2)\proiect_2015\newtrainingframework_2015\newtrainingframework\debug-nvidia\newtrain.fc024ec8.tlog\cl.write.1.tlog
d:\proiect_2015 (2)\proiect_2015\newtrainingframework_2015\newtrainingframework\debug-nvidia\newtrain.fc024ec8.tlog\link.command.1.tlog
d:\proiect_2015 (2)\proiect_2015\newtrainingframework_2015\newtrainingframework\debug-nvidia\newtrain.fc024ec8.tlog\link.read.1.tlog
d:\proiect_2015 (2)\proiect_2015\newtrainingframework_2015\newtrainingframework\debug-nvidia\newtrain.fc024ec8.tlog\link.write.1.tlog
